<?xml version="1.0" encoding="UTF-8"?>
<robot generator="Robot 7.0 (Python 3.12.2 on win32)" generated="2024-03-26T22:10:57.499892" rpa="false" schemaversion="5">
<suite id="s1" name="Ex-01-Add-And-Delete-Space" source="C:\Users\Fer\Documents\knime-exercises\ex-01-add-and-delete-space">
<suite id="s1-s1" name="Tests" source="C:\Users\Fer\Documents\knime-exercises\ex-01-add-and-delete-space\Tests">
<suite id="s1-s1-s1" name="NegativeTestSuite" source="C:\Users\Fer\Documents\knime-exercises\ex-01-add-and-delete-space\Tests\NegativeTestSuite.robot">
<test id="s1-s1-s1-t1" name="Invalid Login" line="16">
<kw name="Open Browser To Login Page" owner="keywords">
<kw name="Open Browser" owner="SeleniumLibrary">
<msg time="2024-03-26T22:10:57.675932" level="INFO">Opening browser 'Chrome' to base url 'https://hub.knime.com/'.</msg>
<msg time="2024-03-26T22:10:57.676933" level="DEBUG">Selenium Manager binary found at: C:\Users\Fer\Documents\knime-exercises\ex-01-add-and-delete-space\venv\Lib\site-packages\selenium\webdriver\common\windows\selenium-manager.exe</msg>
<msg time="2024-03-26T22:10:57.676933" level="DEBUG">Executing process: C:\Users\Fer\Documents\knime-exercises\ex-01-add-and-delete-space\venv\Lib\site-packages\selenium\webdriver\common\windows\selenium-manager.exe --browser chrome --debug --language-binding python --output json</msg>
<msg time="2024-03-26T22:10:57.908984" level="DEBUG">chromedriver not found in PATH</msg>
<msg time="2024-03-26T22:10:57.909984" level="DEBUG">chrome detected at C:\Program Files\Google\Chrome\Application\chrome.exe</msg>
<msg time="2024-03-26T22:10:57.909984" level="DEBUG">Running command: wmic datafile where name='C:\\Program Files\\Google\\Chrome\\Application\\chrome.exe' get Version /value</msg>
<msg time="2024-03-26T22:10:57.909984" level="DEBUG">Output: "\r\r\n\r\r\nVersion=123.0.6312.59\r\r\n\r\r\n\r\r\n\r"</msg>
<msg time="2024-03-26T22:10:57.909984" level="DEBUG">Detected browser: chrome 123.0.6312.59</msg>
<msg time="2024-03-26T22:10:57.910985" level="DEBUG">Required driver: chromedriver 123.0.6312.86</msg>
<msg time="2024-03-26T22:10:57.910985" level="DEBUG">chromedriver 123.0.6312.86 already in the cache</msg>
<msg time="2024-03-26T22:10:57.910985" level="DEBUG">Driver path: C:\Users\Fer\.cache\selenium\chromedriver\win64\123.0.6312.86\chromedriver.exe</msg>
<msg time="2024-03-26T22:10:57.910985" level="DEBUG">Browser path: C:\Program Files\Google\Chrome\Application\chrome.exe</msg>
<msg time="2024-03-26T22:10:57.910985" level="DEBUG">Using driver at: C:\Users\Fer\.cache\selenium\chromedriver\win64\123.0.6312.86\chromedriver.exe</msg>
<msg time="2024-03-26T22:10:57.941991" level="DEBUG">Started executable: `C:\Users\Fer\.cache\selenium\chromedriver\win64\123.0.6312.86\chromedriver.exe` in a child process with pid: 19272 using 0 to output -3</msg>
<msg time="2024-03-26T22:10:58.448347" level="DEBUG">POST http://localhost:58035/session {'capabilities': {'firstMatch': [{}], 'alwaysMatch': {'browserName': 'chrome', 'pageLoadStrategy': &lt;PageLoadStrategy.normal: 'normal'&gt;, 'browserVersion': None, 'goog:chromeOptions': {'extensions': [], 'binary': 'C:\\Program Files\\Google\\Chrome\\Application\\chrome.exe', 'args': []}}}}</msg>
<msg time="2024-03-26T22:10:58.449348" level="DEBUG">Starting new HTTP connection (1): localhost:58035</msg>
<msg time="2024-03-26T22:10:58.976167" level="DEBUG">http://localhost:58035 "POST /session HTTP/1.1" 200 0</msg>
<msg time="2024-03-26T22:10:58.976167" level="DEBUG">Remote response: status=200 | data={"value":{"capabilities":{"acceptInsecureCerts":false,"browserName":"chrome","browserVersion":"123.0.6312.59","chrome":{"chromedriverVersion":"123.0.6312.86 (9b72c47a053648d405376c5cf07999ed626728da-refs/branch-heads/6312@{#698})","userDataDir":"C:\\Users\\Fer\\AppData\\Local\\Temp\\scoped_dir19272_201070374"},"fedcm:accounts":true,"goog:chromeOptions":{"debuggerAddress":"localhost:58039"},"networkConnectionEnabled":false,"pageLoadStrategy":"normal","platformName":"windows","proxy":{},"setWindowRect":true,"strictFileInteractability":false,"timeouts":{"implicit":0,"pageLoad":300000,"script":30000},"unhandledPromptBehavior":"dismiss and notify","webauthn:extension:credBlob":true,"webauthn:extension:largeBlob":true,"webauthn:extension:minPinLength":true,"webauthn:extension:prf":true,"webauthn:virtualAuthenticators":true},"sessionId":"33bd2db42c098a7d60d4d8363aa348f0"}} | headers=HTTPHeaderDict({'Content-Length': '878', 'Content-Type': 'application/json; charset=utf-8', 'cache-control': 'no-cache'})</msg>
<msg time="2024-03-26T22:10:58.976167" level="DEBUG">Finished Request</msg>
<msg time="2024-03-26T22:10:58.976167" level="DEBUG">POST http://localhost:58035/session/33bd2db42c098a7d60d4d8363aa348f0/timeouts {'script': 5000}</msg>
<msg time="2024-03-26T22:10:58.977168" level="DEBUG">http://localhost:58035 "POST /session/33bd2db42c098a7d60d4d8363aa348f0/timeouts HTTP/1.1" 200 0</msg>
<msg time="2024-03-26T22:10:58.978168" level="DEBUG">Remote response: status=200 | data={"value":null} | headers=HTTPHeaderDict({'Content-Length': '14', 'Content-Type': 'application/json; charset=utf-8', 'cache-control': 'no-cache'})</msg>
<msg time="2024-03-26T22:10:58.978168" level="DEBUG">Finished Request</msg>
<msg time="2024-03-26T22:10:58.978168" level="DEBUG">POST http://localhost:58035/session/33bd2db42c098a7d60d4d8363aa348f0/timeouts {'implicit': 0}</msg>
<msg time="2024-03-26T22:10:58.979168" level="DEBUG">http://localhost:58035 "POST /session/33bd2db42c098a7d60d4d8363aa348f0/timeouts HTTP/1.1" 200 0</msg>
<msg time="2024-03-26T22:10:58.979168" level="DEBUG">Remote response: status=200 | data={"value":null} | headers=HTTPHeaderDict({'Content-Length': '14', 'Content-Type': 'application/json; charset=utf-8', 'cache-control': 'no-cache'})</msg>
<msg time="2024-03-26T22:10:58.979168" level="DEBUG">Finished Request</msg>
<msg time="2024-03-26T22:10:58.979168" level="DEBUG">POST http://localhost:58035/session/33bd2db42c098a7d60d4d8363aa348f0/timeouts {'pageLoad': 300000}</msg>
<msg time="2024-03-26T22:10:58.980168" level="DEBUG">http://localhost:58035 "POST /session/33bd2db42c098a7d60d4d8363aa348f0/timeouts HTTP/1.1" 200 0</msg>
<msg time="2024-03-26T22:10:58.980168" level="DEBUG">Remote response: status=200 | data={"value":null} | headers=HTTPHeaderDict({'Content-Length': '14', 'Content-Type': 'application/json; charset=utf-8', 'cache-control': 'no-cache'})</msg>
<msg time="2024-03-26T22:10:58.981168" level="DEBUG">Finished Request</msg>
<msg time="2024-03-26T22:10:58.981168" level="DEBUG">POST http://localhost:58035/session/33bd2db42c098a7d60d4d8363aa348f0/url {'url': 'https://hub.knime.com/'}</msg>
<msg time="2024-03-26T22:11:00.721377" level="DEBUG">http://localhost:58035 "POST /session/33bd2db42c098a7d60d4d8363aa348f0/url HTTP/1.1" 200 0</msg>
<msg time="2024-03-26T22:11:00.721377" level="DEBUG">Remote response: status=200 | data={"value":null} | headers=HTTPHeaderDict({'Content-Length': '14', 'Content-Type': 'application/json; charset=utf-8', 'cache-control': 'no-cache'})</msg>
<msg time="2024-03-26T22:11:00.721377" level="DEBUG">Finished Request</msg>
<msg time="2024-03-26T22:11:00.722377" level="DEBUG">Opened browser with session id 33bd2db42c098a7d60d4d8363aa348f0.</msg>
<arg>${HUB PAGE URL}</arg>
<arg>${BROWSER CHROME}</arg>
<doc>Opens a new browser instance to the optional ``url``.</doc>
<status status="PASS" start="2024-03-26T22:10:57.674932" elapsed="3.047445"/>
</kw>
<kw name="Set Selenium Speed" owner="SeleniumLibrary">
<arg>${SELENIUM SPEED}</arg>
<doc>Sets the delay that is waited after each Selenium command.</doc>
<status status="PASS" start="2024-03-26T22:11:00.722377" elapsed="0.001001"/>
</kw>
<kw name="Wait Until Element Is Visible" owner="SeleniumLibrary">
<msg time="2024-03-26T22:11:00.724377" level="DEBUG">POST http://localhost:58035/session/33bd2db42c098a7d60d4d8363aa348f0/elements {'using': 'xpath', 'value': '//*[@id="__layout"]/div/div[4]/div[2]/div/div[1]/button'}</msg>
<msg time="2024-03-26T22:11:00.732379" level="DEBUG">http://localhost:58035 "POST /session/33bd2db42c098a7d60d4d8363aa348f0/elements HTTP/1.1" 200 0</msg>
<msg time="2024-03-26T22:11:00.732379" level="DEBUG">Remote response: status=200 | data={"value":[]} | headers=HTTPHeaderDict({'Content-Length': '12', 'Content-Type': 'application/json; charset=utf-8', 'cache-control': 'no-cache'})</msg>
<msg time="2024-03-26T22:11:00.732379" level="DEBUG">Finished Request</msg>
<msg time="2024-03-26T22:11:00.933496" level="DEBUG">POST http://localhost:58035/session/33bd2db42c098a7d60d4d8363aa348f0/elements {'using': 'xpath', 'value': '//*[@id="__layout"]/div/div[4]/div[2]/div/div[1]/button'}</msg>
<msg time="2024-03-26T22:11:00.942498" level="DEBUG">http://localhost:58035 "POST /session/33bd2db42c098a7d60d4d8363aa348f0/elements HTTP/1.1" 200 0</msg>
<msg time="2024-03-26T22:11:00.942498" level="DEBUG">Remote response: status=200 | data={"value":[{"element-6066-11e4-a52e-4f735466cecf":"f.791816C5A2279CDD2F8F5E96F1D55CAF.d.78BC199CF3649FF4DC38CFA4B8A5793F.e.13"}]} | headers=HTTPHeaderDict({'Content-Length': '128', 'Content-Type': 'application/json; charset=utf-8', 'cache-control': 'no-cache'})</msg>
<msg time="2024-03-26T22:11:00.942498" level="DEBUG">Finished Request</msg>
<msg time="2024-03-26T22:11:00.943498" level="DEBUG">POST http://localhost:58035/session/33bd2db42c098a7d60d4d8363aa348f0/execute/sync {'script': '/* isDisplayed */return (function(){return (function(){var k=this||self;function aa(a){return"string...', 'args': [{'element-6066-11e4-a52e-4f735466cecf': 'f.791816C5A2279CDD2F8F5E96F1D55CAF.d.78BC199CF3649FF4DC38CFA4B8A5793F.e.13'}]}</msg>
<msg time="2024-03-26T22:11:00.951501" level="DEBUG">http://localhost:58035 "POST /session/33bd2db42c098a7d60d4d8363aa348f0/execute/sync HTTP/1.1" 200 0</msg>
<msg time="2024-03-26T22:11:00.951501" level="DEBUG">Remote response: status=200 | data={"value":false} | headers=HTTPHeaderDict({'Content-Length': '15', 'Content-Type': 'application/json; charset=utf-8', 'cache-control': 'no-cache'})</msg>
<msg time="2024-03-26T22:11:00.952501" level="DEBUG">Finished Request</msg>
<msg time="2024-03-26T22:11:01.153167" level="DEBUG">POST http://localhost:58035/session/33bd2db42c098a7d60d4d8363aa348f0/elements {'using': 'xpath', 'value': '//*[@id="__layout"]/div/div[4]/div[2]/div/div[1]/button'}</msg>
<msg time="2024-03-26T22:11:01.159169" level="DEBUG">http://localhost:58035 "POST /session/33bd2db42c098a7d60d4d8363aa348f0/elements HTTP/1.1" 200 0</msg>
<msg time="2024-03-26T22:11:01.159169" level="DEBUG">Remote response: status=200 | data={"value":[{"element-6066-11e4-a52e-4f735466cecf":"f.791816C5A2279CDD2F8F5E96F1D55CAF.d.78BC199CF3649FF4DC38CFA4B8A5793F.e.13"}]} | headers=HTTPHeaderDict({'Content-Length': '128', 'Content-Type': 'application/json; charset=utf-8', 'cache-control': 'no-cache'})</msg>
<msg time="2024-03-26T22:11:01.159169" level="DEBUG">Finished Request</msg>
<msg time="2024-03-26T22:11:01.160169" level="DEBUG">POST http://localhost:58035/session/33bd2db42c098a7d60d4d8363aa348f0/execute/sync {'script': '/* isDisplayed */return (function(){return (function(){var k=this||self;function aa(a){return"string...', 'args': [{'element-6066-11e4-a52e-4f735466cecf': 'f.791816C5A2279CDD2F8F5E96F1D55CAF.d.78BC199CF3649FF4DC38CFA4B8A5793F.e.13'}]}</msg>
<msg time="2024-03-26T22:11:01.168171" level="DEBUG">http://localhost:58035 "POST /session/33bd2db42c098a7d60d4d8363aa348f0/execute/sync HTTP/1.1" 200 0</msg>
<msg time="2024-03-26T22:11:01.168171" level="DEBUG">Remote response: status=200 | data={"value":true} | headers=HTTPHeaderDict({'Content-Length': '14', 'Content-Type': 'application/json; charset=utf-8', 'cache-control': 'no-cache'})</msg>
<msg time="2024-03-26T22:11:01.168171" level="DEBUG">Finished Request</msg>
<arg>${CLOSE COOKIES WINDOW}</arg>
<arg>${WAIT TIMEOUT}</arg>
<doc>Waits until the element ``locator`` is visible.</doc>
<status status="PASS" start="2024-03-26T22:11:00.723378" elapsed="0.444793"/>
</kw>
<kw name="Title Should Be" owner="SeleniumLibrary">
<msg time="2024-03-26T22:11:01.169171" level="DEBUG">GET http://localhost:58035/session/33bd2db42c098a7d60d4d8363aa348f0/title {}</msg>
<msg time="2024-03-26T22:11:01.174172" level="DEBUG">http://localhost:58035 "GET /session/33bd2db42c098a7d60d4d8363aa348f0/title HTTP/1.1" 200 0</msg>
<msg time="2024-03-26T22:11:01.174172" level="DEBUG">Remote response: status=200 | data={"value":"KNIME Community Hub"} | headers=HTTPHeaderDict({'Content-Length': '31', 'Content-Type': 'application/json; charset=utf-8', 'cache-control': 'no-cache'})</msg>
<msg time="2024-03-26T22:11:01.174172" level="DEBUG">Finished Request</msg>
<msg time="2024-03-26T22:11:01.174172" level="INFO">Page title is 'KNIME Community Hub'.</msg>
<arg>${HUB TITLE}</arg>
<doc>Verifies that the current page title equals ``title``.</doc>
<status status="PASS" start="2024-03-26T22:11:01.169171" elapsed="0.005001"/>
</kw>
<kw name="Maximize Browser Window" owner="SeleniumLibrary">
<msg time="2024-03-26T22:11:01.175172" level="DEBUG">POST http://localhost:58035/session/33bd2db42c098a7d60d4d8363aa348f0/window/maximize {}</msg>
<msg time="2024-03-26T22:11:01.295352" level="DEBUG">http://localhost:58035 "POST /session/33bd2db42c098a7d60d4d8363aa348f0/window/maximize HTTP/1.1" 200 0</msg>
<msg time="2024-03-26T22:11:01.295352" level="DEBUG">Remote response: status=200 | data={"value":{"height":1056,"width":1936,"x":-8,"y":-8}} | headers=HTTPHeaderDict({'Content-Length': '52', 'Content-Type': 'application/json; charset=utf-8', 'cache-control': 'no-cache'})</msg>
<msg time="2024-03-26T22:11:01.295352" level="DEBUG">Finished Request</msg>
<doc>Maximizes current browser window.</doc>
<status status="PASS" start="2024-03-26T22:11:01.175172" elapsed="0.121180"/>
</kw>
<kw name="Click Element" owner="SeleniumLibrary">
<msg time="2024-03-26T22:11:01.296352" level="INFO">Clicking element '//*[@id="__layout"]/div/div[4]/div[2]/div/div[1]/button'.</msg>
<msg time="2024-03-26T22:11:01.296352" level="DEBUG">POST http://localhost:58035/session/33bd2db42c098a7d60d4d8363aa348f0/elements {'using': 'xpath', 'value': '//*[@id="__layout"]/div/div[4]/div[2]/div/div[1]/button'}</msg>
<msg time="2024-03-26T22:11:01.302354" level="DEBUG">http://localhost:58035 "POST /session/33bd2db42c098a7d60d4d8363aa348f0/elements HTTP/1.1" 200 0</msg>
<msg time="2024-03-26T22:11:01.302354" level="DEBUG">Remote response: status=200 | data={"value":[{"element-6066-11e4-a52e-4f735466cecf":"f.791816C5A2279CDD2F8F5E96F1D55CAF.d.78BC199CF3649FF4DC38CFA4B8A5793F.e.13"}]} | headers=HTTPHeaderDict({'Content-Length': '128', 'Content-Type': 'application/json; charset=utf-8', 'cache-control': 'no-cache'})</msg>
<msg time="2024-03-26T22:11:01.302354" level="DEBUG">Finished Request</msg>
<msg time="2024-03-26T22:11:01.302354" level="DEBUG">POST http://localhost:58035/session/33bd2db42c098a7d60d4d8363aa348f0/element/f.791816C5A2279CDD2F8F5E96F1D55CAF.d.78BC199CF3649FF4DC38CFA4B8A5793F.e.13/click {}</msg>
<msg time="2024-03-26T22:11:01.329362" level="DEBUG">http://localhost:58035 "POST /session/33bd2db42c098a7d60d4d8363aa348f0/element/f.791816C5A2279CDD2F8F5E96F1D55CAF.d.78BC199CF3649FF4DC38CFA4B8A5793F.e.13/click HTTP/1.1" 200 0</msg>
<msg time="2024-03-26T22:11:01.329362" level="DEBUG">Remote response: status=200 | data={"value":null} | headers=HTTPHeaderDict({'Content-Length': '14', 'Content-Type': 'application/json; charset=utf-8', 'cache-control': 'no-cache'})</msg>
<msg time="2024-03-26T22:11:01.329362" level="DEBUG">Finished Request</msg>
<arg>${CLOSE COOKIES WINDOW}</arg>
<doc>Click the element identified by ``locator``.</doc>
<status status="PASS" start="2024-03-26T22:11:01.296352" elapsed="0.034010"/>
</kw>
<kw name="Click Element" owner="SeleniumLibrary">
<msg time="2024-03-26T22:11:01.330362" level="INFO">Clicking element '//*[@id="__layout"]/div/div[1]/header/nav/div[2]/button'.</msg>
<msg time="2024-03-26T22:11:01.331362" level="DEBUG">POST http://localhost:58035/session/33bd2db42c098a7d60d4d8363aa348f0/elements {'using': 'xpath', 'value': '//*[@id="__layout"]/div/div[1]/header/nav/div[2]/button'}</msg>
<msg time="2024-03-26T22:11:01.340364" level="DEBUG">http://localhost:58035 "POST /session/33bd2db42c098a7d60d4d8363aa348f0/elements HTTP/1.1" 200 0</msg>
<msg time="2024-03-26T22:11:01.341365" level="DEBUG">Remote response: status=200 | data={"value":[{"element-6066-11e4-a52e-4f735466cecf":"f.791816C5A2279CDD2F8F5E96F1D55CAF.d.78BC199CF3649FF4DC38CFA4B8A5793F.e.72"}]} | headers=HTTPHeaderDict({'Content-Length': '128', 'Content-Type': 'application/json; charset=utf-8', 'cache-control': 'no-cache'})</msg>
<msg time="2024-03-26T22:11:01.341365" level="DEBUG">Finished Request</msg>
<msg time="2024-03-26T22:11:01.341365" level="DEBUG">POST http://localhost:58035/session/33bd2db42c098a7d60d4d8363aa348f0/element/f.791816C5A2279CDD2F8F5E96F1D55CAF.d.78BC199CF3649FF4DC38CFA4B8A5793F.e.72/click {}</msg>
<msg time="2024-03-26T22:11:07.254258" level="DEBUG">http://localhost:58035 "POST /session/33bd2db42c098a7d60d4d8363aa348f0/element/f.791816C5A2279CDD2F8F5E96F1D55CAF.d.78BC199CF3649FF4DC38CFA4B8A5793F.e.72/click HTTP/1.1" 200 0</msg>
<msg time="2024-03-26T22:11:07.254258" level="DEBUG">Remote response: status=200 | data={"value":null} | headers=HTTPHeaderDict({'Content-Length': '14', 'Content-Type': 'application/json; charset=utf-8', 'cache-control': 'no-cache'})</msg>
<msg time="2024-03-26T22:11:07.254258" level="DEBUG">Finished Request</msg>
<arg>${SIGN IN BUTTON}</arg>
<doc>Click the element identified by ``locator``.</doc>
<status status="PASS" start="2024-03-26T22:11:01.330362" elapsed="5.923896"/>
</kw>
<kw name="Wait Until Page Contains Element" owner="SeleniumLibrary">
<msg time="2024-03-26T22:11:07.256259" level="DEBUG">POST http://localhost:58035/session/33bd2db42c098a7d60d4d8363aa348f0/elements {'using': 'xpath', 'value': "//*[(@id='edit-name' or @name='edit-name')]"}</msg>
<msg time="2024-03-26T22:11:07.264261" level="DEBUG">http://localhost:58035 "POST /session/33bd2db42c098a7d60d4d8363aa348f0/elements HTTP/1.1" 200 0</msg>
<msg time="2024-03-26T22:11:07.264261" level="DEBUG">Remote response: status=200 | data={"value":[{"element-6066-11e4-a52e-4f735466cecf":"f.791816C5A2279CDD2F8F5E96F1D55CAF.d.205D226CF4E945BF6F2CC0C0D4D3625B.e.80"}]} | headers=HTTPHeaderDict({'Content-Length': '128', 'Content-Type': 'application/json; charset=utf-8', 'cache-control': 'no-cache'})</msg>
<msg time="2024-03-26T22:11:07.265261" level="DEBUG">Finished Request</msg>
<arg>${INPUT USERNAME ID}</arg>
<arg>${WAIT TIMEOUT}</arg>
<doc>Waits until the element ``locator`` appears on the current page.</doc>
<status status="PASS" start="2024-03-26T22:11:07.255259" elapsed="0.010002"/>
</kw>
<kw name="Title Should Be" owner="SeleniumLibrary">
<msg time="2024-03-26T22:11:07.266261" level="DEBUG">GET http://localhost:58035/session/33bd2db42c098a7d60d4d8363aa348f0/title {}</msg>
<msg time="2024-03-26T22:11:07.268261" level="DEBUG">http://localhost:58035 "GET /session/33bd2db42c098a7d60d4d8363aa348f0/title HTTP/1.1" 200 0</msg>
<msg time="2024-03-26T22:11:07.269262" level="DEBUG">Remote response: status=200 | data={"value":"Log in | KNIME"} | headers=HTTPHeaderDict({'Content-Length': '26', 'Content-Type': 'application/json; charset=utf-8', 'cache-control': 'no-cache'})</msg>
<msg time="2024-03-26T22:11:07.269262" level="DEBUG">Finished Request</msg>
<msg time="2024-03-26T22:11:07.269262" level="INFO">Page title is 'Log in | KNIME'.</msg>
<arg>${LOG IN PAGE TITLE}</arg>
<doc>Verifies that the current page title equals ``title``.</doc>
<status status="PASS" start="2024-03-26T22:11:07.265261" elapsed="0.004001"/>
</kw>
<status status="PASS" start="2024-03-26T22:10:57.674932" elapsed="9.594330"/>
</kw>
<kw name="Input Username" owner="keywords">
<kw name="Input Text" owner="SeleniumLibrary">
<msg time="2024-03-26T22:11:07.271263" level="INFO">Typing text 'notusername' into text field 'edit-name'.</msg>
<msg time="2024-03-26T22:11:07.271263" level="DEBUG">POST http://localhost:58035/session/33bd2db42c098a7d60d4d8363aa348f0/elements {'using': 'xpath', 'value': "//*[(@id='edit-name' or @name='edit-name')]"}</msg>
<msg time="2024-03-26T22:11:07.276263" level="DEBUG">http://localhost:58035 "POST /session/33bd2db42c098a7d60d4d8363aa348f0/elements HTTP/1.1" 200 0</msg>
<msg time="2024-03-26T22:11:07.276263" level="DEBUG">Remote response: status=200 | data={"value":[{"element-6066-11e4-a52e-4f735466cecf":"f.791816C5A2279CDD2F8F5E96F1D55CAF.d.205D226CF4E945BF6F2CC0C0D4D3625B.e.80"}]} | headers=HTTPHeaderDict({'Content-Length': '128', 'Content-Type': 'application/json; charset=utf-8', 'cache-control': 'no-cache'})</msg>
<msg time="2024-03-26T22:11:07.276263" level="DEBUG">Finished Request</msg>
<msg time="2024-03-26T22:11:07.277264" level="DEBUG">POST http://localhost:58035/session/33bd2db42c098a7d60d4d8363aa348f0/element/f.791816C5A2279CDD2F8F5E96F1D55CAF.d.205D226CF4E945BF6F2CC0C0D4D3625B.e.80/clear {}</msg>
<msg time="2024-03-26T22:11:07.298268" level="DEBUG">http://localhost:58035 "POST /session/33bd2db42c098a7d60d4d8363aa348f0/element/f.791816C5A2279CDD2F8F5E96F1D55CAF.d.205D226CF4E945BF6F2CC0C0D4D3625B.e.80/clear HTTP/1.1" 200 0</msg>
<msg time="2024-03-26T22:11:07.298268" level="DEBUG">Remote response: status=200 | data={"value":null} | headers=HTTPHeaderDict({'Content-Length': '14', 'Content-Type': 'application/json; charset=utf-8', 'cache-control': 'no-cache'})</msg>
<msg time="2024-03-26T22:11:07.298268" level="DEBUG">Finished Request</msg>
<msg time="2024-03-26T22:11:07.298268" level="DEBUG">POST http://localhost:58035/session/33bd2db42c098a7d60d4d8363aa348f0/element/f.791816C5A2279CDD2F8F5E96F1D55CAF.d.205D226CF4E945BF6F2CC0C0D4D3625B.e.80/value {'text': 'notusername', 'value': ['n', 'o', 't', 'u', 's', 'e', 'r', 'n', 'a', 'm', 'e']}</msg>
<msg time="2024-03-26T22:11:07.322274" level="DEBUG">http://localhost:58035 "POST /session/33bd2db42c098a7d60d4d8363aa348f0/element/f.791816C5A2279CDD2F8F5E96F1D55CAF.d.205D226CF4E945BF6F2CC0C0D4D3625B.e.80/value HTTP/1.1" 200 0</msg>
<msg time="2024-03-26T22:11:07.322274" level="DEBUG">Remote response: status=200 | data={"value":null} | headers=HTTPHeaderDict({'Content-Length': '14', 'Content-Type': 'application/json; charset=utf-8', 'cache-control': 'no-cache'})</msg>
<msg time="2024-03-26T22:11:07.322274" level="DEBUG">Finished Request</msg>
<arg>${INPUT USERNAME ID}</arg>
<arg>${username}</arg>
<doc>Types the given ``text`` into the text field identified by ``locator``.</doc>
<status status="PASS" start="2024-03-26T22:11:07.270262" elapsed="0.052012"/>
</kw>
<arg>${INVALID USERNAME}</arg>
<status status="PASS" start="2024-03-26T22:11:07.270262" elapsed="0.053012"/>
</kw>
<kw name="Input Password" owner="keywords">
<kw name="Input Text" owner="SeleniumLibrary">
<msg time="2024-03-26T22:11:07.324274" level="INFO">Typing text 'notpassword' into text field 'edit-pass'.</msg>
<msg time="2024-03-26T22:11:07.324274" level="DEBUG">POST http://localhost:58035/session/33bd2db42c098a7d60d4d8363aa348f0/elements {'using': 'xpath', 'value': "//*[(@id='edit-pass' or @name='edit-pass')]"}</msg>
<msg time="2024-03-26T22:11:07.332276" level="DEBUG">http://localhost:58035 "POST /session/33bd2db42c098a7d60d4d8363aa348f0/elements HTTP/1.1" 200 0</msg>
<msg time="2024-03-26T22:11:07.332276" level="DEBUG">Remote response: status=200 | data={"value":[{"element-6066-11e4-a52e-4f735466cecf":"f.791816C5A2279CDD2F8F5E96F1D55CAF.d.205D226CF4E945BF6F2CC0C0D4D3625B.e.82"}]} | headers=HTTPHeaderDict({'Content-Length': '128', 'Content-Type': 'application/json; charset=utf-8', 'cache-control': 'no-cache'})</msg>
<msg time="2024-03-26T22:11:07.332276" level="DEBUG">Finished Request</msg>
<msg time="2024-03-26T22:11:07.333276" level="DEBUG">POST http://localhost:58035/session/33bd2db42c098a7d60d4d8363aa348f0/element/f.791816C5A2279CDD2F8F5E96F1D55CAF.d.205D226CF4E945BF6F2CC0C0D4D3625B.e.82/clear {}</msg>
<msg time="2024-03-26T22:11:07.346279" level="DEBUG">http://localhost:58035 "POST /session/33bd2db42c098a7d60d4d8363aa348f0/element/f.791816C5A2279CDD2F8F5E96F1D55CAF.d.205D226CF4E945BF6F2CC0C0D4D3625B.e.82/clear HTTP/1.1" 200 0</msg>
<msg time="2024-03-26T22:11:07.347280" level="DEBUG">Remote response: status=200 | data={"value":null} | headers=HTTPHeaderDict({'Content-Length': '14', 'Content-Type': 'application/json; charset=utf-8', 'cache-control': 'no-cache'})</msg>
<msg time="2024-03-26T22:11:07.347280" level="DEBUG">Finished Request</msg>
<msg time="2024-03-26T22:11:07.347280" level="DEBUG">POST http://localhost:58035/session/33bd2db42c098a7d60d4d8363aa348f0/element/f.791816C5A2279CDD2F8F5E96F1D55CAF.d.205D226CF4E945BF6F2CC0C0D4D3625B.e.82/value {'text': 'notpassword', 'value': ['n', 'o', 't', 'p', 'a', 's', 's', 'w', 'o', 'r', 'd']}</msg>
<msg time="2024-03-26T22:11:07.379287" level="DEBUG">http://localhost:58035 "POST /session/33bd2db42c098a7d60d4d8363aa348f0/element/f.791816C5A2279CDD2F8F5E96F1D55CAF.d.205D226CF4E945BF6F2CC0C0D4D3625B.e.82/value HTTP/1.1" 200 0</msg>
<msg time="2024-03-26T22:11:07.379287" level="DEBUG">Remote response: status=200 | data={"value":null} | headers=HTTPHeaderDict({'Content-Length': '14', 'Content-Type': 'application/json; charset=utf-8', 'cache-control': 'no-cache'})</msg>
<msg time="2024-03-26T22:11:07.380287" level="DEBUG">Finished Request</msg>
<arg>${INPUT PASSWORD ID}</arg>
<arg>${password}</arg>
<doc>Types the given ``text`` into the text field identified by ``locator``.</doc>
<status status="PASS" start="2024-03-26T22:11:07.324274" elapsed="0.056013"/>
</kw>
<arg>${INVALID PASSWORD}</arg>
<status status="PASS" start="2024-03-26T22:11:07.323274" elapsed="0.057013"/>
</kw>
<kw name="Submit Wrong Credentials" owner="keywords">
<kw name="Click Element" owner="SeleniumLibrary">
<msg time="2024-03-26T22:11:07.381287" level="INFO">Clicking element 'edit-submit'.</msg>
<msg time="2024-03-26T22:11:07.381287" level="DEBUG">POST http://localhost:58035/session/33bd2db42c098a7d60d4d8363aa348f0/elements {'using': 'xpath', 'value': "//*[(@id='edit-submit' or @name='edit-submit')]"}</msg>
<msg time="2024-03-26T22:11:07.389289" level="DEBUG">http://localhost:58035 "POST /session/33bd2db42c098a7d60d4d8363aa348f0/elements HTTP/1.1" 200 0</msg>
<msg time="2024-03-26T22:11:07.389289" level="DEBUG">Remote response: status=200 | data={"value":[{"element-6066-11e4-a52e-4f735466cecf":"f.791816C5A2279CDD2F8F5E96F1D55CAF.d.205D226CF4E945BF6F2CC0C0D4D3625B.e.98"}]} | headers=HTTPHeaderDict({'Content-Length': '128', 'Content-Type': 'application/json; charset=utf-8', 'cache-control': 'no-cache'})</msg>
<msg time="2024-03-26T22:11:07.389289" level="DEBUG">Finished Request</msg>
<msg time="2024-03-26T22:11:07.389289" level="DEBUG">POST http://localhost:58035/session/33bd2db42c098a7d60d4d8363aa348f0/element/f.791816C5A2279CDD2F8F5E96F1D55CAF.d.205D226CF4E945BF6F2CC0C0D4D3625B.e.98/click {}</msg>
<msg time="2024-03-26T22:11:08.356709" level="DEBUG">http://localhost:58035 "POST /session/33bd2db42c098a7d60d4d8363aa348f0/element/f.791816C5A2279CDD2F8F5E96F1D55CAF.d.205D226CF4E945BF6F2CC0C0D4D3625B.e.98/click HTTP/1.1" 200 0</msg>
<msg time="2024-03-26T22:11:08.356709" level="DEBUG">Remote response: status=200 | data={"value":null} | headers=HTTPHeaderDict({'Content-Length': '14', 'Content-Type': 'application/json; charset=utf-8', 'cache-control': 'no-cache'})</msg>
<msg time="2024-03-26T22:11:08.356709" level="DEBUG">Finished Request</msg>
<arg>${SIGN IN SUBMIT ID}</arg>
<doc>Click the element identified by ``locator``.</doc>
<status status="PASS" start="2024-03-26T22:11:07.381287" elapsed="0.975422"/>
</kw>
<kw name="Wait Until Page Contains Element" owner="SeleniumLibrary">
<msg time="2024-03-26T22:11:08.357709" level="DEBUG">POST http://localhost:58035/session/33bd2db42c098a7d60d4d8363aa348f0/elements {'using': 'xpath', 'value': "//*[(@id='edit-name' or @name='edit-name')]"}</msg>
<msg time="2024-03-26T22:11:08.363711" level="DEBUG">http://localhost:58035 "POST /session/33bd2db42c098a7d60d4d8363aa348f0/elements HTTP/1.1" 200 0</msg>
<msg time="2024-03-26T22:11:08.364710" level="DEBUG">Remote response: status=200 | data={"value":[{"element-6066-11e4-a52e-4f735466cecf":"f.791816C5A2279CDD2F8F5E96F1D55CAF.d.5EEEA7B37AF889C583DC3FE18A454E20.e.110"}]} | headers=HTTPHeaderDict({'Content-Length': '129', 'Content-Type': 'application/json; charset=utf-8', 'cache-control': 'no-cache'})</msg>
<msg time="2024-03-26T22:11:08.364710" level="DEBUG">Finished Request</msg>
<arg>${INPUT USERNAME ID}</arg>
<arg>${WAIT TIMEOUT}</arg>
<doc>Waits until the element ``locator`` appears on the current page.</doc>
<status status="PASS" start="2024-03-26T22:11:08.356709" elapsed="0.008001"/>
</kw>
<status status="PASS" start="2024-03-26T22:11:07.381287" elapsed="0.983423"/>
</kw>
<kw name="Wrong Credentials Alert Should Be Present" owner="keywords">
<kw name="Page Should Contain Element" owner="SeleniumLibrary">
<msg time="2024-03-26T22:11:08.365712" level="DEBUG">POST http://localhost:58035/session/33bd2db42c098a7d60d4d8363aa348f0/elements {'using': 'xpath', 'value': '//*[@id="user-login-form"]/div[1]/div[1]'}</msg>
<msg time="2024-03-26T22:11:08.373712" level="DEBUG">http://localhost:58035 "POST /session/33bd2db42c098a7d60d4d8363aa348f0/elements HTTP/1.1" 200 0</msg>
<msg time="2024-03-26T22:11:08.373712" level="DEBUG">Remote response: status=200 | data={"value":[{"element-6066-11e4-a52e-4f735466cecf":"f.791816C5A2279CDD2F8F5E96F1D55CAF.d.5EEEA7B37AF889C583DC3FE18A454E20.e.133"}]} | headers=HTTPHeaderDict({'Content-Length': '129', 'Content-Type': 'application/json; charset=utf-8', 'cache-control': 'no-cache'})</msg>
<msg time="2024-03-26T22:11:08.373712" level="DEBUG">Finished Request</msg>
<msg time="2024-03-26T22:11:08.373712" level="INFO">Current page contains element '//*[@id="user-login-form"]/div[1]/div[1]'.</msg>
<arg>${INVALID CREDENTIALS ALERT}</arg>
<doc>Verifies that element ``locator`` is found on the current page.</doc>
<status status="PASS" start="2024-03-26T22:11:08.365712" elapsed="0.008000"/>
</kw>
<status status="PASS" start="2024-03-26T22:11:08.365712" elapsed="0.008000"/>
</kw>
<kw name="Close Browser" owner="SeleniumLibrary">
<msg time="2024-03-26T22:11:08.374713" level="DEBUG">Closing browser with session id 33bd2db42c098a7d60d4d8363aa348f0.</msg>
<msg time="2024-03-26T22:11:08.374713" level="DEBUG">DELETE http://localhost:58035/session/33bd2db42c098a7d60d4d8363aa348f0 {}</msg>
<msg time="2024-03-26T22:11:08.406720" level="DEBUG">http://localhost:58035 "DELETE /session/33bd2db42c098a7d60d4d8363aa348f0 HTTP/1.1" 200 0</msg>
<msg time="2024-03-26T22:11:08.407841" level="DEBUG">Remote response: status=200 | data={"value":null} | headers=HTTPHeaderDict({'Content-Length': '14', 'Content-Type': 'application/json; charset=utf-8', 'cache-control': 'no-cache'})</msg>
<msg time="2024-03-26T22:11:08.407860" level="DEBUG">Finished Request</msg>
<doc>Closes the current browser.</doc>
<status status="PASS" start="2024-03-26T22:11:08.374713" elapsed="2.116342"/>
</kw>
<status status="PASS" start="2024-03-26T22:10:57.673931" elapsed="12.817124"/>
</test>
<doc>Running NegativeTestSuite - If executed via .bat file, the reports will be store
in the output directory.</doc>
<status status="PASS" start="2024-03-26T22:10:57.528899" elapsed="12.963156"/>
</suite>
<status status="PASS" start="2024-03-26T22:10:57.526898" elapsed="12.966158"/>
</suite>
<status status="PASS" start="2024-03-26T22:10:57.507895" elapsed="12.986162"/>
</suite>
<statistics>
<total>
<stat pass="1" fail="0" skip="0">All Tests</stat>
</total>
<tag>
</tag>
<suite>
<stat pass="1" fail="0" skip="0" id="s1" name="Ex-01-Add-And-Delete-Space">Ex-01-Add-And-Delete-Space</stat>
<stat pass="1" fail="0" skip="0" id="s1-s1" name="Tests">Ex-01-Add-And-Delete-Space.Tests</stat>
<stat pass="1" fail="0" skip="0" id="s1-s1-s1" name="NegativeTestSuite">Ex-01-Add-And-Delete-Space.Tests.NegativeTestSuite</stat>
</suite>
</statistics>
<errors>
</errors>
</robot>
